<?xml version="1.0" encoding="UTF-8"?>
<!-- Generated by org.testng.reporters.JUnitReportReporter -->
<testsuite skipped="0" hostname="chinu" name="com.salesforce.CreateTrialAccount" tests="1" failures="0" timestamp="2022-04-14T00:26:45 IST" time="7.308" errors="0">
  <testcase name="CreateTrialAccount" time="7.308" classname="com.salesforce.CreateTrialAccount"/>
  <system-out/>
</testsuite> <!-- com.salesforce.CreateTrialAccount -->
