<?xml version="1.0" encoding="UTF-8"?>
<!-- Generated by org.testng.reporters.JUnitReportReporter -->
<testsuite skipped="0" hostname="chinu" name="com.salesforce.LoginTest" tests="1" failures="0" timestamp="2022-04-14T00:28:02 IST" time="43.060" errors="0">
  <testcase name="loginTest" time="43.060" classname="com.salesforce.LoginTest"/>
  <system-out/>
</testsuite> <!-- com.salesforce.LoginTest -->
