<?xml version="1.0" encoding="UTF-8"?>
<!-- Generated by org.testng.reporters.JUnitReportReporter -->
<testsuite skipped="0" hostname="chinu" name="com.salesforce.CreateTrialAccount" tests="1" failures="0" timestamp="2022-04-13T12:42:51 IST" time="4.139" errors="0">
  <testcase name="CreateTrialAccount" time="4.139" classname="com.salesforce.CreateTrialAccount"/>
  <system-out/>
</testsuite> <!-- com.salesforce.CreateTrialAccount -->
